{"C:\\Users\\InvitadoZ\\OneDrive\\Documentos\\Proweb\\Tasks\\src\\task.js": {"path":"C:\\Users\\InvitadoZ\\OneDrive\\Documentos\\Proweb\\Tasks\\src\\task.js","statementMap":{"0":{"start":{"line":4,"column":19},"end":{"line":4,"column":49}},"1":{"start":{"line":8,"column":4},"end":{"line":8,"column":65}},"2":{"start":{"line":12,"column":17},"end":{"line":12,"column":78}},"3":{"start":{"line":13,"column":4},"end":{"line":13,"column":26}},"4":{"start":{"line":14,"column":4},"end":{"line":14,"column":62}},"5":{"start":{"line":18,"column":18},"end":{"line":18,"column":72}},"6":{"start":{"line":18,"column":49},"end":{"line":18,"column":71}},"7":{"start":{"line":19,"column":4},"end":{"line":22,"column":5}},"8":{"start":{"line":20,"column":6},"end":{"line":20,"column":34}},"9":{"start":{"line":21,"column":6},"end":{"line":21,"column":64}},"10":{"start":{"line":26,"column":4},"end":{"line":26,"column":63}},"11":{"start":{"line":26,"column":45},"end":{"line":26,"column":61}},"12":{"start":{"line":27,"column":4},"end":{"line":27,"column":25}},"13":{"start":{"line":28,"column":4},"end":{"line":28,"column":62}},"14":{"start":{"line":29,"column":4},"end":{"line":29,"column":20}},"15":{"start":{"line":33,"column":26},"end":{"line":33,"column":66}},"16":{"start":{"line":34,"column":4},"end":{"line":34,"column":33}},"17":{"start":{"line":35,"column":4},"end":{"line":85,"column":7}},"18":{"start":{"line":36,"column":28},"end":{"line":36,"column":56}},"19":{"start":{"line":37,"column":6},"end":{"line":37,"column":42}},"20":{"start":{"line":38,"column":6},"end":{"line":46,"column":6}},"21":{"start":{"line":47,"column":24},"end":{"line":47,"column":65}},"22":{"start":{"line":48,"column":6},"end":{"line":48,"column":39}},"23":{"start":{"line":49,"column":6},"end":{"line":49,"column":47}},"24":{"start":{"line":50,"column":24},"end":{"line":50,"column":65}},"25":{"start":{"line":51,"column":6},"end":{"line":59,"column":9}},"26":{"start":{"line":52,"column":8},"end":{"line":52,"column":31}},"27":{"start":{"line":53,"column":23},"end":{"line":53,"column":43}},"28":{"start":{"line":54,"column":8},"end":{"line":54,"column":28}},"29":{"start":{"line":55,"column":8},"end":{"line":55,"column":24}},"30":{"start":{"line":56,"column":8},"end":{"line":58,"column":9}},"31":{"start":{"line":56,"column":21},"end":{"line":56,"column":22}},"32":{"start":{"line":57,"column":10},"end":{"line":57,"column":31}},"33":{"start":{"line":60,"column":34},"end":{"line":60,"column":85}},"34":{"start":{"line":61,"column":6},"end":{"line":67,"column":9}},"35":{"start":{"line":62,"column":8},"end":{"line":62,"column":31}},"36":{"start":{"line":63,"column":34},"end":{"line":63,"column":74}},"37":{"start":{"line":64,"column":8},"end":{"line":64,"column":43}},"38":{"start":{"line":65,"column":23},"end":{"line":65,"column":43}},"39":{"start":{"line":66,"column":8},"end":{"line":66,"column":26}},"40":{"start":{"line":68,"column":6},"end":{"line":77,"column":9}},"41":{"start":{"line":69,"column":8},"end":{"line":76,"column":9}},"42":{"start":{"line":70,"column":10},"end":{"line":70,"column":33}},"43":{"start":{"line":71,"column":35},"end":{"line":71,"column":75}},"44":{"start":{"line":72,"column":33},"end":{"line":72,"column":79}},"45":{"start":{"line":73,"column":10},"end":{"line":73,"column":43}},"46":{"start":{"line":74,"column":25},"end":{"line":74,"column":45}},"47":{"start":{"line":75,"column":10},"end":{"line":75,"column":44}},"48":{"start":{"line":78,"column":6},"end":{"line":84,"column":9}},"49":{"start":{"line":79,"column":8},"end":{"line":79,"column":32}},"50":{"start":{"line":81,"column":23},"end":{"line":81,"column":27}},"51":{"start":{"line":82,"column":27},"end":{"line":82,"column":47}},"52":{"start":{"line":83,"column":8},"end":{"line":83,"column":39}},"53":{"start":{"line":89,"column":26},"end":{"line":89,"column":66}},"54":{"start":{"line":90,"column":4},"end":{"line":100,"column":7}},"55":{"start":{"line":91,"column":6},"end":{"line":99,"column":7}},"56":{"start":{"line":92,"column":23},"end":{"line":92,"column":43}},"57":{"start":{"line":93,"column":8},"end":{"line":93,"column":28}},"58":{"start":{"line":94,"column":8},"end":{"line":94,"column":24}},"59":{"start":{"line":95,"column":8},"end":{"line":95,"column":29}},"60":{"start":{"line":96,"column":8},"end":{"line":98,"column":9}},"61":{"start":{"line":96,"column":21},"end":{"line":96,"column":22}},"62":{"start":{"line":97,"column":10},"end":{"line":97,"column":37}},"63":{"start":{"line":104,"column":4},"end":{"line":107,"column":8}},"64":{"start":{"line":104,"column":50},"end":{"line":107,"column":5}},"65":{"start":{"line":111,"column":18},"end":{"line":111,"column":72}},"66":{"start":{"line":111,"column":49},"end":{"line":111,"column":71}},"67":{"start":{"line":112,"column":4},"end":{"line":115,"column":5}},"68":{"start":{"line":113,"column":6},"end":{"line":113,"column":53}},"69":{"start":{"line":114,"column":6},"end":{"line":114,"column":64}},"70":{"start":{"line":119,"column":18},"end":{"line":119,"column":72}},"71":{"start":{"line":119,"column":49},"end":{"line":119,"column":71}},"72":{"start":{"line":120,"column":4},"end":{"line":123,"column":5}},"73":{"start":{"line":121,"column":6},"end":{"line":121,"column":48}},"74":{"start":{"line":122,"column":6},"end":{"line":122,"column":64}}},"fnMap":{"0":{"name":"(anonymous_0)","decl":{"start":{"line":7,"column":2},"end":{"line":7,"column":3}},"loc":{"start":{"line":7,"column":16},"end":{"line":9,"column":3}},"line":7},"1":{"name":"(anonymous_1)","decl":{"start":{"line":11,"column":2},"end":{"line":11,"column":3}},"loc":{"start":{"line":11,"column":23},"end":{"line":15,"column":3}},"line":11},"2":{"name":"(anonymous_2)","decl":{"start":{"line":17,"column":2},"end":{"line":17,"column":3}},"loc":{"start":{"line":17,"column":17},"end":{"line":23,"column":3}},"line":17},"3":{"name":"(anonymous_3)","decl":{"start":{"line":18,"column":39},"end":{"line":18,"column":40}},"loc":{"start":{"line":18,"column":49},"end":{"line":18,"column":71}},"line":18},"4":{"name":"(anonymous_4)","decl":{"start":{"line":25,"column":2},"end":{"line":25,"column":3}},"loc":{"start":{"line":25,"column":24},"end":{"line":30,"column":3}},"line":25},"5":{"name":"(anonymous_5)","decl":{"start":{"line":26,"column":35},"end":{"line":26,"column":36}},"loc":{"start":{"line":26,"column":45},"end":{"line":26,"column":61}},"line":26},"6":{"name":"(anonymous_6)","decl":{"start":{"line":32,"column":2},"end":{"line":32,"column":3}},"loc":{"start":{"line":32,"column":13},"end":{"line":86,"column":3}},"line":32},"7":{"name":"(anonymous_7)","decl":{"start":{"line":35,"column":23},"end":{"line":35,"column":24}},"loc":{"start":{"line":35,"column":33},"end":{"line":85,"column":5}},"line":35},"8":{"name":"(anonymous_8)","decl":{"start":{"line":51,"column":42},"end":{"line":51,"column":43}},"loc":{"start":{"line":51,"column":53},"end":{"line":59,"column":7}},"line":51},"9":{"name":"(anonymous_9)","decl":{"start":{"line":61,"column":52},"end":{"line":61,"column":53}},"loc":{"start":{"line":61,"column":63},"end":{"line":67,"column":7}},"line":61},"10":{"name":"(anonymous_10)","decl":{"start":{"line":68,"column":54},"end":{"line":68,"column":55}},"loc":{"start":{"line":68,"column":65},"end":{"line":77,"column":7}},"line":68},"11":{"name":"(anonymous_11)","decl":{"start":{"line":78,"column":42},"end":{"line":78,"column":43}},"loc":{"start":{"line":78,"column":53},"end":{"line":84,"column":7}},"line":78},"12":{"name":"(anonymous_12)","decl":{"start":{"line":88,"column":2},"end":{"line":88,"column":3}},"loc":{"start":{"line":88,"column":20},"end":{"line":101,"column":3}},"line":88},"13":{"name":"(anonymous_13)","decl":{"start":{"line":90,"column":44},"end":{"line":90,"column":45}},"loc":{"start":{"line":90,"column":55},"end":{"line":100,"column":5}},"line":90},"14":{"name":"(anonymous_14)","decl":{"start":{"line":103,"column":2},"end":{"line":103,"column":3}},"loc":{"start":{"line":103,"column":18},"end":{"line":108,"column":3}},"line":103},"15":{"name":"(anonymous_15)","decl":{"start":{"line":104,"column":32},"end":{"line":104,"column":33}},"loc":{"start":{"line":104,"column":50},"end":{"line":107,"column":5}},"line":104},"16":{"name":"(anonymous_16)","decl":{"start":{"line":110,"column":2},"end":{"line":110,"column":3}},"loc":{"start":{"line":110,"column":31},"end":{"line":116,"column":3}},"line":110},"17":{"name":"(anonymous_17)","decl":{"start":{"line":111,"column":39},"end":{"line":111,"column":40}},"loc":{"start":{"line":111,"column":49},"end":{"line":111,"column":71}},"line":111},"18":{"name":"(anonymous_18)","decl":{"start":{"line":118,"column":2},"end":{"line":118,"column":3}},"loc":{"start":{"line":118,"column":28},"end":{"line":124,"column":3}},"line":118},"19":{"name":"(anonymous_19)","decl":{"start":{"line":119,"column":39},"end":{"line":119,"column":40}},"loc":{"start":{"line":119,"column":49},"end":{"line":119,"column":71}},"line":119}},"branchMap":{"0":{"loc":{"start":{"line":8,"column":17},"end":{"line":8,"column":64}},"type":"binary-expr","locations":[{"start":{"line":8,"column":17},"end":{"line":8,"column":58}},{"start":{"line":8,"column":62},"end":{"line":8,"column":64}}],"line":8},"1":{"loc":{"start":{"line":19,"column":4},"end":{"line":22,"column":5}},"type":"if","locations":[{"start":{"line":19,"column":4},"end":{"line":22,"column":5}},{"start":{},"end":{}}],"line":19},"2":{"loc":{"start":{"line":69,"column":8},"end":{"line":76,"column":9}},"type":"if","locations":[{"start":{"line":69,"column":8},"end":{"line":76,"column":9}},{"start":{},"end":{}}],"line":69},"3":{"loc":{"start":{"line":91,"column":6},"end":{"line":99,"column":7}},"type":"if","locations":[{"start":{"line":91,"column":6},"end":{"line":99,"column":7}},{"start":{},"end":{}}],"line":91},"4":{"loc":{"start":{"line":112,"column":4},"end":{"line":115,"column":5}},"type":"if","locations":[{"start":{"line":112,"column":4},"end":{"line":115,"column":5}},{"start":{},"end":{}}],"line":112},"5":{"loc":{"start":{"line":120,"column":4},"end":{"line":123,"column":5}},"type":"if","locations":[{"start":{"line":120,"column":4},"end":{"line":123,"column":5}},{"start":{},"end":{}}],"line":120}},"s":{"0":1,"1":2,"2":1,"3":1,"4":1,"5":1,"6":2,"7":1,"8":1,"9":1,"10":0,"11":0,"12":0,"13":0,"14":0,"15":0,"16":0,"17":0,"18":0,"19":0,"20":0,"21":0,"22":0,"23":0,"24":0,"25":0,"26":0,"27":0,"28":0,"29":0,"30":0,"31":0,"32":0,"33":0,"34":0,"35":0,"36":0,"37":0,"38":0,"39":0,"40":0,"41":0,"42":0,"43":0,"44":0,"45":0,"46":0,"47":0,"48":0,"49":0,"50":0,"51":0,"52":0,"53":0,"54":0,"55":0,"56":0,"57":0,"58":0,"59":0,"60":0,"61":0,"62":0,"63":0,"64":0,"65":0,"66":0,"67":0,"68":0,"69":0,"70":0,"71":0,"72":0,"73":0,"74":0},"f":{"0":2,"1":1,"2":1,"3":2,"4":0,"5":0,"6":0,"7":0,"8":0,"9":0,"10":0,"11":0,"12":0,"13":0,"14":0,"15":0,"16":0,"17":0,"18":0,"19":0},"b":{"0":[2,1],"1":[1,0],"2":[0,0],"3":[0,0],"4":[0,0],"5":[0,0]},"_coverageSchema":"1a1c01bbd47fc00a2c39e90264f33305004495a9","hash":"1285f84b93c2f2d10f9c6b8b3f5801c1af93b005"}
}
