{"C:\\Users\\InvitadoZ\\OneDrive\\Documentos\\Proweb\\Tasks\\src\\task.js": {"path":"C:\\Users\\InvitadoZ\\OneDrive\\Documentos\\Proweb\\Tasks\\src\\task.js","statementMap":{"0":{"start":{"line":3,"column":4},"end":{"line":3,"column":65}},"1":{"start":{"line":7,"column":17},"end":{"line":7,"column":78}},"2":{"start":{"line":8,"column":4},"end":{"line":8,"column":26}},"3":{"start":{"line":9,"column":4},"end":{"line":9,"column":62}},"4":{"start":{"line":13,"column":18},"end":{"line":13,"column":72}},"5":{"start":{"line":13,"column":49},"end":{"line":13,"column":71}},"6":{"start":{"line":14,"column":4},"end":{"line":17,"column":5}},"7":{"start":{"line":15,"column":6},"end":{"line":15,"column":34}},"8":{"start":{"line":16,"column":6},"end":{"line":16,"column":64}},"9":{"start":{"line":21,"column":4},"end":{"line":21,"column":63}},"10":{"start":{"line":21,"column":45},"end":{"line":21,"column":61}},"11":{"start":{"line":22,"column":4},"end":{"line":22,"column":25}},"12":{"start":{"line":23,"column":4},"end":{"line":23,"column":62}},"13":{"start":{"line":24,"column":4},"end":{"line":24,"column":20}},"14":{"start":{"line":28,"column":26},"end":{"line":28,"column":66}},"15":{"start":{"line":29,"column":4},"end":{"line":29,"column":33}},"16":{"start":{"line":30,"column":4},"end":{"line":80,"column":7}},"17":{"start":{"line":31,"column":28},"end":{"line":31,"column":56}},"18":{"start":{"line":32,"column":6},"end":{"line":32,"column":42}},"19":{"start":{"line":33,"column":6},"end":{"line":41,"column":6}},"20":{"start":{"line":42,"column":24},"end":{"line":42,"column":65}},"21":{"start":{"line":43,"column":6},"end":{"line":43,"column":39}},"22":{"start":{"line":44,"column":6},"end":{"line":44,"column":47}},"23":{"start":{"line":45,"column":24},"end":{"line":45,"column":65}},"24":{"start":{"line":46,"column":6},"end":{"line":54,"column":9}},"25":{"start":{"line":47,"column":8},"end":{"line":47,"column":31}},"26":{"start":{"line":48,"column":23},"end":{"line":48,"column":43}},"27":{"start":{"line":49,"column":8},"end":{"line":49,"column":28}},"28":{"start":{"line":50,"column":8},"end":{"line":50,"column":24}},"29":{"start":{"line":51,"column":8},"end":{"line":53,"column":9}},"30":{"start":{"line":51,"column":21},"end":{"line":51,"column":22}},"31":{"start":{"line":52,"column":10},"end":{"line":52,"column":31}},"32":{"start":{"line":55,"column":34},"end":{"line":55,"column":85}},"33":{"start":{"line":56,"column":6},"end":{"line":62,"column":9}},"34":{"start":{"line":57,"column":8},"end":{"line":57,"column":31}},"35":{"start":{"line":58,"column":34},"end":{"line":58,"column":74}},"36":{"start":{"line":59,"column":8},"end":{"line":59,"column":43}},"37":{"start":{"line":60,"column":23},"end":{"line":60,"column":43}},"38":{"start":{"line":61,"column":8},"end":{"line":61,"column":26}},"39":{"start":{"line":63,"column":6},"end":{"line":72,"column":9}},"40":{"start":{"line":64,"column":8},"end":{"line":71,"column":9}},"41":{"start":{"line":65,"column":10},"end":{"line":65,"column":33}},"42":{"start":{"line":66,"column":35},"end":{"line":66,"column":75}},"43":{"start":{"line":67,"column":33},"end":{"line":67,"column":79}},"44":{"start":{"line":68,"column":10},"end":{"line":68,"column":43}},"45":{"start":{"line":69,"column":25},"end":{"line":69,"column":45}},"46":{"start":{"line":70,"column":10},"end":{"line":70,"column":44}},"47":{"start":{"line":73,"column":6},"end":{"line":79,"column":9}},"48":{"start":{"line":74,"column":8},"end":{"line":74,"column":32}},"49":{"start":{"line":76,"column":23},"end":{"line":76,"column":27}},"50":{"start":{"line":77,"column":27},"end":{"line":77,"column":47}},"51":{"start":{"line":78,"column":8},"end":{"line":78,"column":39}},"52":{"start":{"line":84,"column":26},"end":{"line":84,"column":66}},"53":{"start":{"line":85,"column":4},"end":{"line":95,"column":7}},"54":{"start":{"line":86,"column":6},"end":{"line":94,"column":7}},"55":{"start":{"line":87,"column":23},"end":{"line":87,"column":43}},"56":{"start":{"line":88,"column":8},"end":{"line":88,"column":28}},"57":{"start":{"line":89,"column":8},"end":{"line":89,"column":24}},"58":{"start":{"line":90,"column":8},"end":{"line":90,"column":29}},"59":{"start":{"line":91,"column":8},"end":{"line":93,"column":9}},"60":{"start":{"line":91,"column":21},"end":{"line":91,"column":22}},"61":{"start":{"line":92,"column":10},"end":{"line":92,"column":37}},"62":{"start":{"line":99,"column":4},"end":{"line":102,"column":8}},"63":{"start":{"line":99,"column":50},"end":{"line":102,"column":5}},"64":{"start":{"line":106,"column":18},"end":{"line":106,"column":72}},"65":{"start":{"line":106,"column":49},"end":{"line":106,"column":71}},"66":{"start":{"line":107,"column":4},"end":{"line":110,"column":5}},"67":{"start":{"line":108,"column":6},"end":{"line":108,"column":53}},"68":{"start":{"line":109,"column":6},"end":{"line":109,"column":64}},"69":{"start":{"line":114,"column":18},"end":{"line":114,"column":72}},"70":{"start":{"line":114,"column":49},"end":{"line":114,"column":71}},"71":{"start":{"line":115,"column":4},"end":{"line":118,"column":5}},"72":{"start":{"line":116,"column":6},"end":{"line":116,"column":48}},"73":{"start":{"line":117,"column":6},"end":{"line":117,"column":64}}},"fnMap":{"0":{"name":"(anonymous_0)","decl":{"start":{"line":2,"column":2},"end":{"line":2,"column":3}},"loc":{"start":{"line":2,"column":16},"end":{"line":4,"column":3}},"line":2},"1":{"name":"(anonymous_1)","decl":{"start":{"line":6,"column":2},"end":{"line":6,"column":3}},"loc":{"start":{"line":6,"column":23},"end":{"line":10,"column":3}},"line":6},"2":{"name":"(anonymous_2)","decl":{"start":{"line":12,"column":2},"end":{"line":12,"column":3}},"loc":{"start":{"line":12,"column":17},"end":{"line":18,"column":3}},"line":12},"3":{"name":"(anonymous_3)","decl":{"start":{"line":13,"column":39},"end":{"line":13,"column":40}},"loc":{"start":{"line":13,"column":49},"end":{"line":13,"column":71}},"line":13},"4":{"name":"(anonymous_4)","decl":{"start":{"line":20,"column":2},"end":{"line":20,"column":3}},"loc":{"start":{"line":20,"column":24},"end":{"line":25,"column":3}},"line":20},"5":{"name":"(anonymous_5)","decl":{"start":{"line":21,"column":35},"end":{"line":21,"column":36}},"loc":{"start":{"line":21,"column":45},"end":{"line":21,"column":61}},"line":21},"6":{"name":"(anonymous_6)","decl":{"start":{"line":27,"column":2},"end":{"line":27,"column":3}},"loc":{"start":{"line":27,"column":13},"end":{"line":81,"column":3}},"line":27},"7":{"name":"(anonymous_7)","decl":{"start":{"line":30,"column":23},"end":{"line":30,"column":24}},"loc":{"start":{"line":30,"column":33},"end":{"line":80,"column":5}},"line":30},"8":{"name":"(anonymous_8)","decl":{"start":{"line":46,"column":42},"end":{"line":46,"column":43}},"loc":{"start":{"line":46,"column":53},"end":{"line":54,"column":7}},"line":46},"9":{"name":"(anonymous_9)","decl":{"start":{"line":56,"column":52},"end":{"line":56,"column":53}},"loc":{"start":{"line":56,"column":63},"end":{"line":62,"column":7}},"line":56},"10":{"name":"(anonymous_10)","decl":{"start":{"line":63,"column":54},"end":{"line":63,"column":55}},"loc":{"start":{"line":63,"column":65},"end":{"line":72,"column":7}},"line":63},"11":{"name":"(anonymous_11)","decl":{"start":{"line":73,"column":42},"end":{"line":73,"column":43}},"loc":{"start":{"line":73,"column":53},"end":{"line":79,"column":7}},"line":73},"12":{"name":"(anonymous_12)","decl":{"start":{"line":83,"column":2},"end":{"line":83,"column":3}},"loc":{"start":{"line":83,"column":20},"end":{"line":96,"column":3}},"line":83},"13":{"name":"(anonymous_13)","decl":{"start":{"line":85,"column":44},"end":{"line":85,"column":45}},"loc":{"start":{"line":85,"column":55},"end":{"line":95,"column":5}},"line":85},"14":{"name":"(anonymous_14)","decl":{"start":{"line":98,"column":2},"end":{"line":98,"column":3}},"loc":{"start":{"line":98,"column":18},"end":{"line":103,"column":3}},"line":98},"15":{"name":"(anonymous_15)","decl":{"start":{"line":99,"column":32},"end":{"line":99,"column":33}},"loc":{"start":{"line":99,"column":50},"end":{"line":102,"column":5}},"line":99},"16":{"name":"(anonymous_16)","decl":{"start":{"line":105,"column":2},"end":{"line":105,"column":3}},"loc":{"start":{"line":105,"column":31},"end":{"line":111,"column":3}},"line":105},"17":{"name":"(anonymous_17)","decl":{"start":{"line":106,"column":39},"end":{"line":106,"column":40}},"loc":{"start":{"line":106,"column":49},"end":{"line":106,"column":71}},"line":106},"18":{"name":"(anonymous_18)","decl":{"start":{"line":113,"column":2},"end":{"line":113,"column":3}},"loc":{"start":{"line":113,"column":28},"end":{"line":119,"column":3}},"line":113},"19":{"name":"(anonymous_19)","decl":{"start":{"line":114,"column":39},"end":{"line":114,"column":40}},"loc":{"start":{"line":114,"column":49},"end":{"line":114,"column":71}},"line":114}},"branchMap":{"0":{"loc":{"start":{"line":3,"column":17},"end":{"line":3,"column":64}},"type":"binary-expr","locations":[{"start":{"line":3,"column":17},"end":{"line":3,"column":58}},{"start":{"line":3,"column":62},"end":{"line":3,"column":64}}],"line":3},"1":{"loc":{"start":{"line":14,"column":4},"end":{"line":17,"column":5}},"type":"if","locations":[{"start":{"line":14,"column":4},"end":{"line":17,"column":5}},{"start":{},"end":{}}],"line":14},"2":{"loc":{"start":{"line":64,"column":8},"end":{"line":71,"column":9}},"type":"if","locations":[{"start":{"line":64,"column":8},"end":{"line":71,"column":9}},{"start":{},"end":{}}],"line":64},"3":{"loc":{"start":{"line":86,"column":6},"end":{"line":94,"column":7}},"type":"if","locations":[{"start":{"line":86,"column":6},"end":{"line":94,"column":7}},{"start":{},"end":{}}],"line":86},"4":{"loc":{"start":{"line":107,"column":4},"end":{"line":110,"column":5}},"type":"if","locations":[{"start":{"line":107,"column":4},"end":{"line":110,"column":5}},{"start":{},"end":{}}],"line":107},"5":{"loc":{"start":{"line":115,"column":4},"end":{"line":118,"column":5}},"type":"if","locations":[{"start":{"line":115,"column":4},"end":{"line":118,"column":5}},{"start":{},"end":{}}],"line":115}},"s":{"0":2,"1":1,"2":1,"3":1,"4":1,"5":2,"6":1,"7":1,"8":1,"9":0,"10":0,"11":0,"12":0,"13":0,"14":0,"15":0,"16":0,"17":0,"18":0,"19":0,"20":0,"21":0,"22":0,"23":0,"24":0,"25":0,"26":0,"27":0,"28":0,"29":0,"30":0,"31":0,"32":0,"33":0,"34":0,"35":0,"36":0,"37":0,"38":0,"39":0,"40":0,"41":0,"42":0,"43":0,"44":0,"45":0,"46":0,"47":0,"48":0,"49":0,"50":0,"51":0,"52":0,"53":0,"54":0,"55":0,"56":0,"57":0,"58":0,"59":0,"60":0,"61":0,"62":0,"63":0,"64":0,"65":0,"66":0,"67":0,"68":0,"69":0,"70":0,"71":0,"72":0,"73":0},"f":{"0":2,"1":1,"2":1,"3":2,"4":0,"5":0,"6":0,"7":0,"8":0,"9":0,"10":0,"11":0,"12":0,"13":0,"14":0,"15":0,"16":0,"17":0,"18":0,"19":0},"b":{"0":[2,1],"1":[1,0],"2":[0,0],"3":[0,0],"4":[0,0],"5":[0,0]},"_coverageSchema":"1a1c01bbd47fc00a2c39e90264f33305004495a9","hash":"914d9dd11714991d2ce0bba9210ceda8f2ea37c7"}
}
