TN:
SF:src\task.js
FN:7,(anonymous_0)
FN:11,(anonymous_1)
FN:17,(anonymous_2)
FN:18,(anonymous_3)
FN:25,(anonymous_4)
FN:26,(anonymous_5)
FN:32,(anonymous_6)
FN:35,(anonymous_7)
FN:51,(anonymous_8)
FN:61,(anonymous_9)
FN:68,(anonymous_10)
FN:78,(anonymous_11)
FN:88,(anonymous_12)
FN:90,(anonymous_13)
FN:103,(anonymous_14)
FN:104,(anonymous_15)
FN:110,(anonymous_16)
FN:111,(anonymous_17)
FN:118,(anonymous_18)
FN:119,(anonymous_19)
FNF:20
FNH:2
FNDA:1,(anonymous_0)
FNDA:2,(anonymous_1)
FNDA:0,(anonymous_2)
FNDA:0,(anonymous_3)
FNDA:0,(anonymous_4)
FNDA:0,(anonymous_5)
FNDA:0,(anonymous_6)
FNDA:0,(anonymous_7)
FNDA:0,(anonymous_8)
FNDA:0,(anonymous_9)
FNDA:0,(anonymous_10)
FNDA:0,(anonymous_11)
FNDA:0,(anonymous_12)
FNDA:0,(anonymous_13)
FNDA:0,(anonymous_14)
FNDA:0,(anonymous_15)
FNDA:0,(anonymous_16)
FNDA:0,(anonymous_17)
FNDA:0,(anonymous_18)
FNDA:0,(anonymous_19)
DA:4,1
DA:8,1
DA:12,2
DA:13,2
DA:14,2
DA:18,0
DA:19,0
DA:20,0
DA:21,0
DA:26,0
DA:27,0
DA:28,0
DA:29,0
DA:33,0
DA:34,0
DA:35,0
DA:36,0
DA:37,0
DA:38,0
DA:47,0
DA:48,0
DA:49,0
DA:50,0
DA:51,0
DA:52,0
DA:53,0
DA:54,0
DA:55,0
DA:56,0
DA:57,0
DA:60,0
DA:61,0
DA:62,0
DA:63,0
DA:64,0
DA:65,0
DA:66,0
DA:68,0
DA:69,0
DA:70,0
DA:71,0
DA:72,0
DA:73,0
DA:74,0
DA:75,0
DA:78,0
DA:79,0
DA:81,0
DA:82,0
DA:83,0
DA:89,0
DA:90,0
DA:91,0
DA:92,0
DA:93,0
DA:94,0
DA:95,0
DA:96,0
DA:97,0
DA:104,0
DA:111,0
DA:112,0
DA:113,0
DA:114,0
DA:119,0
DA:120,0
DA:121,0
DA:122,0
LF:68
LH:5
BRDA:8,0,0,1
BRDA:8,0,1,1
BRDA:19,1,0,0
BRDA:19,1,1,0
BRDA:69,2,0,0
BRDA:69,2,1,0
BRDA:91,3,0,0
BRDA:91,3,1,0
BRDA:112,4,0,0
BRDA:112,4,1,0
BRDA:120,5,0,0
BRDA:120,5,1,0
BRF:12
BRH:2
end_of_record
