TN:
SF:src\task.js
FN:2,(anonymous_0)
FN:6,(anonymous_1)
FN:12,(anonymous_2)
FN:13,(anonymous_3)
FN:20,(anonymous_4)
FN:21,(anonymous_5)
FN:27,(anonymous_6)
FN:30,(anonymous_7)
FN:46,(anonymous_8)
FN:56,(anonymous_9)
FN:63,(anonymous_10)
FN:73,(anonymous_11)
FN:83,(anonymous_12)
FN:85,(anonymous_13)
FN:98,(anonymous_14)
FN:99,(anonymous_15)
FN:105,(anonymous_16)
FN:106,(anonymous_17)
FN:113,(anonymous_18)
FN:114,(anonymous_19)
FNF:20
FNH:4
FNDA:2,(anonymous_0)
FNDA:1,(anonymous_1)
FNDA:1,(anonymous_2)
FNDA:2,(anonymous_3)
FNDA:0,(anonymous_4)
FNDA:0,(anonymous_5)
FNDA:0,(anonymous_6)
FNDA:0,(anonymous_7)
FNDA:0,(anonymous_8)
FNDA:0,(anonymous_9)
FNDA:0,(anonymous_10)
FNDA:0,(anonymous_11)
FNDA:0,(anonymous_12)
FNDA:0,(anonymous_13)
FNDA:0,(anonymous_14)
FNDA:0,(anonymous_15)
FNDA:0,(anonymous_16)
FNDA:0,(anonymous_17)
FNDA:0,(anonymous_18)
FNDA:0,(anonymous_19)
DA:3,2
DA:7,1
DA:8,1
DA:9,1
DA:13,2
DA:14,1
DA:15,1
DA:16,1
DA:21,0
DA:22,0
DA:23,0
DA:24,0
DA:28,0
DA:29,0
DA:30,0
DA:31,0
DA:32,0
DA:33,0
DA:42,0
DA:43,0
DA:44,0
DA:45,0
DA:46,0
DA:47,0
DA:48,0
DA:49,0
DA:50,0
DA:51,0
DA:52,0
DA:55,0
DA:56,0
DA:57,0
DA:58,0
DA:59,0
DA:60,0
DA:61,0
DA:63,0
DA:64,0
DA:65,0
DA:66,0
DA:67,0
DA:68,0
DA:69,0
DA:70,0
DA:73,0
DA:74,0
DA:76,0
DA:77,0
DA:78,0
DA:84,0
DA:85,0
DA:86,0
DA:87,0
DA:88,0
DA:89,0
DA:90,0
DA:91,0
DA:92,0
DA:99,0
DA:106,0
DA:107,0
DA:108,0
DA:109,0
DA:114,0
DA:115,0
DA:116,0
DA:117,0
LF:67
LH:8
BRDA:3,0,0,2
BRDA:3,0,1,1
BRDA:14,1,0,1
BRDA:14,1,1,0
BRDA:64,2,0,0
BRDA:64,2,1,0
BRDA:86,3,0,0
BRDA:86,3,1,0
BRDA:107,4,0,0
BRDA:107,4,1,0
BRDA:115,5,0,0
BRDA:115,5,1,0
BRF:12
BRH:3
end_of_record
